<?xml version="1.0" encoding="UTF-8"?>
<!-- Generated by org.testng.reporters.JUnitXMLReporter -->
<testsuite hostname="pjs-MacBook-Pro.attlocal.net" ignored="0" name="Test" tests="5" failures="0" timestamp="14 Jan 2020 20:21:01 GMT" time="51.203" errors="0">
  <testcase name="testApp" time="0.005" classname="Academy.AppTest"/>
  <testcase name="basePageNavigation" time="0.06" classname="Academy.ValidateTitle"/>
  <testcase name="basePageNavigation" time="16.771" classname="Academy.HomePage"/>
  <testcase name="basePageNavigation" time="8.347" classname="Academy.HomePage"/>
  <testcase name="basePageNavigation" time="0.079" classname="Academy.ValidateNavBar"/>
</testsuite> <!-- Test -->
